<?xml version='1.0' encoding='UTF-8' ?>
<testsuite name="com.example.callassistantsim.MainActivityUiTest" tests="3" failures="3" errors="0" skipped="0" time="8.851" timestamp="2026-04-27T23:31:50" hostname="localhost">
  <properties>
    <property name="device" value="A142P - 16" />
    <property name="flavor" value="" />
    <property name="project" value=":app" />
  </properties>
  <testcase name="initialScreenElements_areVisible" classname="com.example.callassistantsim.MainActivityUiTest" time="3.189">
    <failure>java.lang.IllegalStateException: No compose hierarchies found in the app. Possible reasons include: (1) the Activity that calls setContent did not launch; (2) setContent was not called; (3) setContent was called before the ComposeTestRule ran. If setContent is called by the Activity, make sure the Activity is launched after the ComposeTestRule runs
at androidx.compose.ui.test.TestContext.getAllSemanticsNodes$ui_test_release(TestOwner.kt:87)
at androidx.compose.ui.test.SemanticsNodeInteraction.fetchSemanticsNodes$ui_test_release(SemanticsNodeInteraction.kt:63)
at androidx.compose.ui.test.SemanticsNodeInteraction.fetchSemanticsNodes$ui_test_release$default(SemanticsNodeInteraction.kt:56)
at androidx.compose.ui.test.AndroidAssertions_androidKt.checkIsDisplayed(AndroidAssertions.android.kt:29)
at androidx.compose.ui.test.AssertionsKt.isDisplayed(Assertions.kt:359)
at androidx.compose.ui.test.AssertionsKt.assertIsDisplayed(Assertions.kt:33)
at com.example.callassistantsim.MainActivityUiTest.initialScreenElements_areVisible(MainActivityUiTest.kt:22)
</failure>
  </testcase>
  <testcase name="e2e_simulatedCallFlow_backendIntegration" classname="com.example.callassistantsim.MainActivityUiTest" time="2.484">
    <failure>java.lang.IllegalStateException: No compose hierarchies found in the app. Possible reasons include: (1) the Activity that calls setContent did not launch; (2) setContent was not called; (3) setContent was called before the ComposeTestRule ran. If setContent is called by the Activity, make sure the Activity is launched after the ComposeTestRule runs
at androidx.compose.ui.test.TestContext.getAllSemanticsNodes$ui_test_release(TestOwner.kt:87)
at androidx.compose.ui.test.SemanticsNodeInteraction.fetchSemanticsNodes$ui_test_release(SemanticsNodeInteraction.kt:63)
at androidx.compose.ui.test.SemanticsNodeInteraction.fetchOneOrThrow(SemanticsNodeInteraction.kt:157)
at androidx.compose.ui.test.SemanticsNodeInteraction.fetchOneOrThrow$default(SemanticsNodeInteraction.kt:150)
at androidx.compose.ui.test.SemanticsNodeInteraction.fetchSemanticsNode(SemanticsNodeInteraction.kt:84)
at androidx.compose.ui.test.ActionsKt.performTouchInput(Actions.kt:394)
at androidx.compose.ui.test.Actions_androidKt.performClickImpl(Actions.android.kt:20)
at androidx.compose.ui.test.ActionsKt.performClick(Actions.kt:54)
at com.example.callassistantsim.MainActivityUiTest.e2e_simulatedCallFlow_backendIntegration(MainActivityUiTest.kt:44)
</failure>
  </testcase>
  <testcase name="inputs_areEditable" classname="com.example.callassistantsim.MainActivityUiTest" time="2.46">
    <failure>java.lang.IllegalStateException: No compose hierarchies found in the app. Possible reasons include: (1) the Activity that calls setContent did not launch; (2) setContent was not called; (3) setContent was called before the ComposeTestRule ran. If setContent is called by the Activity, make sure the Activity is launched after the ComposeTestRule runs
at androidx.compose.ui.test.TestContext.getAllSemanticsNodes$ui_test_release(TestOwner.kt:87)
at androidx.compose.ui.test.SemanticsNodeInteraction.fetchSemanticsNodes$ui_test_release(SemanticsNodeInteraction.kt:63)
at androidx.compose.ui.test.SemanticsNodeInteraction.fetchOneOrThrow(SemanticsNodeInteraction.kt:157)
at androidx.compose.ui.test.SemanticsNodeInteraction.fetchOneOrThrow$default(SemanticsNodeInteraction.kt:150)
at androidx.compose.ui.test.SemanticsNodeInteraction.fetchSemanticsNode(SemanticsNodeInteraction.kt:84)
at androidx.compose.ui.test.TextActionsKt.getNodeAndFocus(TextActions.kt:114)
at androidx.compose.ui.test.TextActionsKt.getNodeAndFocus$default(TextActions.kt:108)
at androidx.compose.ui.test.TextActionsKt.performTextReplacement(TextActions.kt:73)
at androidx.compose.ui.test.TextActionsKt.performTextClearance(TextActions.kt:33)
at com.example.callassistantsim.MainActivityUiTest.inputs_areEditable(MainActivityUiTest.kt:33)
</failure>
  </testcase>
</testsuite>