<?xml version="1.0" encoding="utf-8"?><testsuites name="pytest tests"><testsuite name="pytest" errors="0" failures="0" skipped="0" tests="18" time="0.375" timestamp="2026-04-27T18:17:26.384651+05:30" hostname="APPLEs-MacBook-Air.local"><testcase classname="tests.test_llm_router" name="test_local_only_uses_on_device_adapter_when_available" time="0.001" /><testcase classname="tests.test_llm_router" name="test_local_only_falls_back_to_heuristic_if_adapter_unavailable" time="0.001" /><testcase classname="tests.test_llm_router" name="test_local_first_uses_cloud_when_local_confidence_low" time="0.000" /><testcase classname="tests.test_llm_router" name="test_local_first_keeps_local_when_confident" time="0.001" /><testcase classname="tests.test_llm_router" name="test_cloud_only_bypasses_local_paths" time="0.001" /><testcase classname="tests.test_llm_router" name="test_local_heuristic_replies_in_hindi_for_hindi_input" time="0.001" /><testcase classname="tests.test_llm_router" name="test_local_heuristic_replies_in_telugu_for_telugu_input" time="0.001" /><testcase classname="tests.test_llm_router" name="test_local_heuristic_switches_language_mid_conversation" time="0.001" /><testcase classname="tests.test_orchestrator" name="test_start_and_turn_flow_updates_session" time="0.001" /><testcase classname="tests.test_orchestrator" name="test_finalize_triggers_summary_and_notify" time="0.000" /><testcase classname="tests.test_routes_sim" name="test_sim_start_and_action_flow" time="0.004" /><testcase classname="tests.test_routes_sim" name="test_sim_turn_and_list_flow" time="0.003" /><testcase classname="tests.test_routes_debug" name="test_debug_llm_route_endpoint_returns_items" time="0.001" /><testcase classname="tests.test_providers" name="test_deepgram_provider_uses_sidecar_when_available" time="0.001" /><testcase classname="tests.test_providers" name="test_deepgram_provider_returns_empty_without_api_key" time="0.000" /><testcase classname="tests.test_providers" name="test_tts_provider_uses_sidecar_when_available" time="0.000" /><testcase classname="tests.test_providers" name="test_tts_provider_returns_none_without_credentials_when_sidecar_fails" time="0.000" /><testcase classname="tests.test_providers" name="test_notifier_stub_path_without_webhook" time="0.001" /></testsuite></testsuites>